<?xml version="1.0" encoding="UTF-8"?>
<testng-results ignored="0" total="1" passed="1" failed="0" skipped="0">
  <reporter-output>
  </reporter-output>
  <suite started-at="2025-01-20T08:09:16 IST" name="Default suite" finished-at="2025-01-20T08:09:47 IST" duration-ms="31285">
    <groups>
    </groups>
    <test started-at="2025-01-20T08:09:16 IST" name="Default test" finished-at="2025-01-20T08:09:47 IST" duration-ms="31285">
      <class name="bDDframework.OrangeHRMLoginPage">
        <test-method signature="Loginpage()[pri:0, instance:bDDframework.OrangeHRMLoginPage@3ba987b8]" started-at="2025-01-20T08:09:16 IST" name="Loginpage" finished-at="2025-01-20T08:09:47 IST" duration-ms="31184" status="PASS">
          <reporter-output>
          </reporter-output>
        </test-method> <!-- Loginpage -->
      </class> <!-- bDDframework.OrangeHRMLoginPage -->
    </test> <!-- Default test -->
  </suite> <!-- Default suite -->
</testng-results>
